{"contracts/IUniswitchFactory.sol":{"l":{},"path":"/Users/alexandre/code/alexandrewolff/uniswitch/contracts/IUniswitchFactory.sol","s":{},"b":{},"f":{},"fnMap":{},"statementMap":{},"branchMap":{}},"contracts/test/TestToken.sol":{"l":{"10":81},"path":"/Users/alexandre/code/alexandrewolff/uniswitch/contracts/test/TestToken.sol","s":{"1":81},"b":{},"f":{"1":144,"2":81},"fnMap":{"1":{"name":"constructor","line":7,"loc":{"start":{"line":7,"column":4},"end":{"line":7,"column":90}}},"2":{"name":"mint","line":9,"loc":{"start":{"line":9,"column":4},"end":{"line":11,"column":4}}}},"statementMap":{"1":{"start":{"line":10,"column":8},"end":{"line":10,"column":26}}},"branchMap":{}},"contracts/UniswitchFactory.sol":{"l":{"14":49,"15":48,"20":47,"21":47,"22":47,"24":47},"path":"/Users/alexandre/code/alexandrewolff/uniswitch/contracts/UniswitchFactory.sol","s":{"1":49,"2":48,"3":47,"4":47,"5":47,"6":47},"b":{"1":[48,1],"2":[47,1]},"f":{"1":49},"fnMap":{"1":{"name":"launchPool","line":13,"loc":{"start":{"line":13,"column":4},"end":{"line":25,"column":4}}}},"statementMap":{"1":{"start":{"line":14,"column":8},"end":{"line":14,"column":78}},"2":{"start":{"line":15,"column":8},"end":{"line":15,"column":424}},"3":{"start":{"line":20,"column":8},"end":{"line":20,"column":59}},"4":{"start":{"line":21,"column":8},"end":{"line":21,"column":35}},"5":{"start":{"line":22,"column":8},"end":{"line":22,"column":35}},"6":{"start":{"line":24,"column":8},"end":{"line":24,"column":41}}},"branchMap":{"1":{"line":14,"type":"if","locations":[{"start":{"line":14,"column":8},"end":{"line":14,"column":8}},{"start":{"line":14,"column":8},"end":{"line":14,"column":8}}]},"2":{"line":15,"type":"if","locations":[{"start":{"line":15,"column":8},"end":{"line":15,"column":8}},{"start":{"line":15,"column":8},"end":{"line":15,"column":8}}]}}},"contracts/UniswitchPool.sol":{"l":{"54":47,"59":47,"60":47,"67":44,"68":43,"73":41,"74":41,"75":41,"77":41,"79":41,"83":7,"85":7,"89":6,"93":6,"100":5,"106":5,"107":5,"109":5,"116":5,"122":8,"126":8,"129":8,"135":7,"140":5,"142":5,"145":5,"146":5,"153":15,"154":15,"155":15,"158":15,"159":15,"161":15,"166":13,"168":13,"170":13,"178":7,"179":6,"188":8,"190":8,"195":7,"196":7,"207":14,"210":14,"213":14,"214":14,"216":14,"218":13,"220":13,"222":13},"path":"/Users/alexandre/code/alexandrewolff/uniswitch/contracts/UniswitchPool.sol","s":{"1":47,"2":47,"3":47,"4":44,"5":43,"6":41,"7":41,"8":41,"9":41,"10":41,"11":7,"12":7,"13":6,"14":6,"15":5,"16":5,"17":5,"18":5,"19":5,"20":8,"21":8,"22":8,"23":7,"24":5,"25":5,"26":5,"27":5,"28":15,"29":15,"30":15,"31":15,"32":15,"33":15,"34":13,"35":13,"36":13,"37":7,"38":6,"39":8,"40":8,"41":7,"42":7,"43":14,"44":14,"45":14,"46":14,"47":14,"48":13,"49":13,"50":13},"b":{"1":[47,0],"2":[43,1],"3":[41,2],"4":[6,1],"5":[5,1],"6":[7,1],"7":[13,2],"8":[7,1],"9":[13,1]},"f":{"1":47,"2":44,"3":7,"4":8,"5":15,"6":7,"7":8,"8":14},"fnMap":{"1":{"name":"constructor","line":53,"loc":{"start":{"line":53,"column":4},"end":{"line":61,"column":4}}},"2":{"name":"initializePool","line":65,"loc":{"start":{"line":65,"column":4},"end":{"line":80,"column":4}}},"3":{"name":"provideLiquidity","line":82,"loc":{"start":{"line":82,"column":4},"end":{"line":117,"column":4}}},"4":{"name":"withdrawLiquidity","line":119,"loc":{"start":{"line":119,"column":4},"end":{"line":147,"column":4}}},"5":{"name":"ethToTokenSwitch","line":149,"loc":{"start":{"line":149,"column":4},"end":{"line":171,"column":4}}},"6":{"name":"tokenToEthSwitch","line":173,"loc":{"start":{"line":173,"column":4},"end":{"line":180,"column":4}}},"7":{"name":"tokenToTokenSwitch","line":182,"loc":{"start":{"line":182,"column":4},"end":{"line":200,"column":4}}},"8":{"name":"tokenInHandler","line":202,"loc":{"start":{"line":202,"column":4},"end":{"line":223,"column":4}}}},"statementMap":{"1":{"start":{"line":54,"column":8},"end":{"line":54,"column":1412}},"2":{"start":{"line":59,"column":8},"end":{"line":59,"column":46}},"3":{"start":{"line":60,"column":8},"end":{"line":60,"column":33}},"4":{"start":{"line":67,"column":8},"end":{"line":67,"column":77}},"5":{"start":{"line":68,"column":8},"end":{"line":68,"column":1977}},"6":{"start":{"line":73,"column":8},"end":{"line":73,"column":37}},"7":{"start":{"line":74,"column":8},"end":{"line":74,"column":30}},"8":{"start":{"line":75,"column":8},"end":{"line":75,"column":37}},"9":{"start":{"line":77,"column":8},"end":{"line":77,"column":69}},"10":{"start":{"line":79,"column":8},"end":{"line":79,"column":67}},"11":{"start":{"line":83,"column":8},"end":{"line":83,"column":42}},"12":{"start":{"line":85,"column":8},"end":{"line":85,"column":72}},"13":{"start":{"line":89,"column":8},"end":{"line":89,"column":2762}},"14":{"start":{"line":93,"column":8},"end":{"line":93,"column":2954}},"15":{"start":{"line":100,"column":8},"end":{"line":100,"column":3238}},"16":{"start":{"line":106,"column":8},"end":{"line":106,"column":41}},"17":{"start":{"line":107,"column":8},"end":{"line":107,"column":34}},"18":{"start":{"line":109,"column":8},"end":{"line":109,"column":3561}},"19":{"start":{"line":116,"column":8},"end":{"line":116,"column":69}},"20":{"start":{"line":122,"column":8},"end":{"line":122,"column":4020}},"21":{"start":{"line":126,"column":8},"end":{"line":126,"column":4228}},"22":{"start":{"line":129,"column":8},"end":{"line":129,"column":4343}},"23":{"start":{"line":135,"column":8},"end":{"line":135,"column":4532}},"24":{"start":{"line":140,"column":8},"end":{"line":140,"column":34}},"25":{"start":{"line":142,"column":8},"end":{"line":142,"column":77}},"26":{"start":{"line":145,"column":8},"end":{"line":145,"column":47}},"27":{"start":{"line":146,"column":8},"end":{"line":146,"column":47}},"28":{"start":{"line":153,"column":8},"end":{"line":153,"column":53}},"29":{"start":{"line":154,"column":8},"end":{"line":154,"column":45}},"30":{"start":{"line":155,"column":8},"end":{"line":155,"column":68}},"31":{"start":{"line":158,"column":8},"end":{"line":158,"column":60}},"32":{"start":{"line":159,"column":8},"end":{"line":159,"column":67}},"33":{"start":{"line":161,"column":8},"end":{"line":161,"column":5592}},"34":{"start":{"line":166,"column":8},"end":{"line":166,"column":45}},"35":{"start":{"line":168,"column":8},"end":{"line":168,"column":39}},"36":{"start":{"line":170,"column":8},"end":{"line":170,"column":68}},"37":{"start":{"line":178,"column":8},"end":{"line":178,"column":69}},"38":{"start":{"line":179,"column":8},"end":{"line":179,"column":27}},"39":{"start":{"line":188,"column":8},"end":{"line":188,"column":68}},"40":{"start":{"line":190,"column":8},"end":{"line":190,"column":6360}},"41":{"start":{"line":195,"column":8},"end":{"line":195,"column":75}},"42":{"start":{"line":196,"column":8},"end":{"line":196,"column":6562}},"43":{"start":{"line":207,"column":8},"end":{"line":207,"column":6847}},"44":{"start":{"line":210,"column":8},"end":{"line":210,"column":49}},"45":{"start":{"line":213,"column":8},"end":{"line":213,"column":60}},"46":{"start":{"line":214,"column":8},"end":{"line":214,"column":56}},"47":{"start":{"line":216,"column":8},"end":{"line":216,"column":77}},"48":{"start":{"line":218,"column":8},"end":{"line":218,"column":45}},"49":{"start":{"line":220,"column":8},"end":{"line":220,"column":71}},"50":{"start":{"line":222,"column":8},"end":{"line":222,"column":70}}},"branchMap":{"1":{"line":54,"type":"if","locations":[{"start":{"line":54,"column":8},"end":{"line":54,"column":8}},{"start":{"line":54,"column":8},"end":{"line":54,"column":8}}]},"2":{"line":67,"type":"if","locations":[{"start":{"line":67,"column":8},"end":{"line":67,"column":8}},{"start":{"line":67,"column":8},"end":{"line":67,"column":8}}]},"3":{"line":68,"type":"if","locations":[{"start":{"line":68,"column":8},"end":{"line":68,"column":8}},{"start":{"line":68,"column":8},"end":{"line":68,"column":8}}]},"4":{"line":85,"type":"if","locations":[{"start":{"line":85,"column":8},"end":{"line":85,"column":8}},{"start":{"line":85,"column":8},"end":{"line":85,"column":8}}]},"5":{"line":93,"type":"if","locations":[{"start":{"line":93,"column":8},"end":{"line":93,"column":8}},{"start":{"line":93,"column":8},"end":{"line":93,"column":8}}]},"6":{"line":129,"type":"if","locations":[{"start":{"line":129,"column":8},"end":{"line":129,"column":8}},{"start":{"line":129,"column":8},"end":{"line":129,"column":8}}]},"7":{"line":161,"type":"if","locations":[{"start":{"line":161,"column":8},"end":{"line":161,"column":8}},{"start":{"line":161,"column":8},"end":{"line":161,"column":8}}]},"8":{"line":190,"type":"if","locations":[{"start":{"line":190,"column":8},"end":{"line":190,"column":8}},{"start":{"line":190,"column":8},"end":{"line":190,"column":8}}]},"9":{"line":216,"type":"if","locations":[{"start":{"line":216,"column":8},"end":{"line":216,"column":8}},{"start":{"line":216,"column":8},"end":{"line":216,"column":8}}]}}}}