{"contracts/IUniswitchFactory.sol":{"l":{},"path":"/Users/alexandre/code/alexandrewolff/uniswitch/contracts/IUniswitchFactory.sol","s":{},"b":{},"f":{},"fnMap":{},"statementMap":{},"branchMap":{}},"contracts/test/TestToken.sol":{"l":{"10":0},"path":"/Users/alexandre/code/alexandrewolff/uniswitch/contracts/test/TestToken.sol","s":{"1":0},"b":{},"f":{"1":9,"2":0},"fnMap":{"1":{"name":"constructor","line":7,"loc":{"start":{"line":7,"column":4},"end":{"line":7,"column":90}}},"2":{"name":"mint","line":9,"loc":{"start":{"line":9,"column":4},"end":{"line":11,"column":4}}}},"statementMap":{"1":{"start":{"line":10,"column":8},"end":{"line":10,"column":26}}},"branchMap":{}},"contracts/UniswitchFactory.sol":{"l":{"14":3,"16":2,"17":2,"18":2,"20":2},"path":"/Users/alexandre/code/alexandrewolff/uniswitch/contracts/UniswitchFactory.sol","s":{"1":3,"2":2,"3":2,"4":2,"5":2},"b":{"1":[2,1]},"f":{"1":3},"fnMap":{"1":{"name":"launchPool","line":13,"loc":{"start":{"line":13,"column":4},"end":{"line":21,"column":4}}}},"statementMap":{"1":{"start":{"line":14,"column":8},"end":{"line":14,"column":71}},"2":{"start":{"line":16,"column":8},"end":{"line":16,"column":56}},"3":{"start":{"line":17,"column":8},"end":{"line":17,"column":44}},"4":{"start":{"line":18,"column":8},"end":{"line":18,"column":44}},"5":{"start":{"line":20,"column":8},"end":{"line":20,"column":50}}},"branchMap":{"1":{"line":14,"type":"if","locations":[{"start":{"line":14,"column":8},"end":{"line":14,"column":8}},{"start":{"line":14,"column":8},"end":{"line":14,"column":8}}]}}},"contracts/UniswitchPool.sol":{"l":{"32":2,"34":2,"35":2,"39":0,"41":0,"42":0,"44":0,"46":0,"50":0,"51":0,"53":0,"54":0,"56":0,"57":0,"59":0,"60":0,"62":0,"64":0,"68":0,"69":0,"70":0,"71":0,"73":0,"74":0,"76":0,"78":0,"79":0,"83":0,"85":0,"89":0,"91":0,"93":0,"101":0,"103":0,"104":0,"106":0,"108":0,"118":0,"119":0,"121":0,"123":0,"131":0,"133":0,"135":0,"140":0,"142":0,"150":0,"152":0,"154":0,"155":0,"157":0},"path":"/Users/alexandre/code/alexandrewolff/uniswitch/contracts/UniswitchPool.sol","s":{"1":2,"2":2,"3":2,"4":0,"5":0,"6":0,"7":0,"8":0,"9":0,"10":0,"11":0,"12":0,"13":0,"14":0,"15":0,"16":0,"17":0,"18":0,"19":0,"20":0,"21":0,"22":0,"23":0,"24":0,"25":0,"26":0,"27":0,"28":0,"29":0,"30":0,"31":0,"32":0,"33":0,"34":0,"35":0,"36":0,"37":0,"38":0,"39":0,"40":0,"41":0,"42":0,"43":0,"44":0,"45":0,"46":0,"47":0,"48":0,"49":0,"50":0,"51":0},"b":{"1":[2,0],"2":[0,0],"3":[0,0],"4":[0,0],"5":[0,0],"6":[0,0],"7":[0,0],"8":[0,0]},"f":{"1":2,"2":0,"3":0,"4":0,"5":0,"6":0,"7":0,"8":0,"9":0,"10":0},"fnMap":{"1":{"name":"constructor","line":31,"loc":{"start":{"line":31,"column":4},"end":{"line":36,"column":4}}},"2":{"name":"initializePool","line":38,"loc":{"start":{"line":38,"column":4},"end":{"line":47,"column":4}}},"3":{"name":"investLiquidity","line":49,"loc":{"start":{"line":49,"column":4},"end":{"line":65,"column":4}}},"4":{"name":"divestLiquidity","line":67,"loc":{"start":{"line":67,"column":4},"end":{"line":80,"column":4}}},"5":{"name":"ethToTokenSwitch","line":82,"loc":{"start":{"line":82,"column":4},"end":{"line":86,"column":4}}},"6":{"name":"tokenToEthSwitch","line":88,"loc":{"start":{"line":88,"column":4},"end":{"line":94,"column":4}}},"7":{"name":"tokenToTokenSwitch","line":96,"loc":{"start":{"line":96,"column":4},"end":{"line":115,"column":4}}},"8":{"name":"tokenToTokenIn","line":117,"loc":{"start":{"line":117,"column":4},"end":{"line":124,"column":4}}},"9":{"name":"ethInHandler","line":126,"loc":{"start":{"line":126,"column":4},"end":{"line":143,"column":4}}},"10":{"name":"tokenInHandler","line":145,"loc":{"start":{"line":145,"column":4},"end":{"line":158,"column":4}}}},"statementMap":{"1":{"start":{"line":32,"column":8},"end":{"line":32,"column":65}},"2":{"start":{"line":34,"column":8},"end":{"line":34,"column":46}},"3":{"start":{"line":35,"column":8},"end":{"line":35,"column":33}},"4":{"start":{"line":39,"column":8},"end":{"line":39,"column":94}},"5":{"start":{"line":41,"column":8},"end":{"line":41,"column":32}},"6":{"start":{"line":42,"column":8},"end":{"line":42,"column":25}},"7":{"start":{"line":44,"column":8},"end":{"line":44,"column":84}},"8":{"start":{"line":46,"column":8},"end":{"line":46,"column":66}},"9":{"start":{"line":50,"column":8},"end":{"line":50,"column":61}},"10":{"start":{"line":51,"column":8},"end":{"line":51,"column":61}},"11":{"start":{"line":53,"column":8},"end":{"line":53,"column":84}},"12":{"start":{"line":54,"column":8},"end":{"line":54,"column":74}},"13":{"start":{"line":56,"column":8},"end":{"line":56,"column":80}},"14":{"start":{"line":57,"column":8},"end":{"line":57,"column":63}},"15":{"start":{"line":59,"column":8},"end":{"line":59,"column":64}},"16":{"start":{"line":60,"column":8},"end":{"line":60,"column":50}},"17":{"start":{"line":62,"column":8},"end":{"line":62,"column":83}},"18":{"start":{"line":64,"column":8},"end":{"line":64,"column":66}},"19":{"start":{"line":68,"column":8},"end":{"line":68,"column":93}},"20":{"start":{"line":69,"column":8},"end":{"line":69,"column":80}},"21":{"start":{"line":70,"column":8},"end":{"line":70,"column":68}},"22":{"start":{"line":71,"column":8},"end":{"line":71,"column":68}},"23":{"start":{"line":73,"column":8},"end":{"line":73,"column":72}},"24":{"start":{"line":74,"column":8},"end":{"line":74,"column":58}},"25":{"start":{"line":76,"column":8},"end":{"line":76,"column":81}},"26":{"start":{"line":78,"column":8},"end":{"line":78,"column":44}},"27":{"start":{"line":79,"column":8},"end":{"line":79,"column":38}},"28":{"start":{"line":83,"column":8},"end":{"line":83,"column":73}},"29":{"start":{"line":85,"column":8},"end":{"line":85,"column":81}},"30":{"start":{"line":89,"column":8},"end":{"line":89,"column":78}},"31":{"start":{"line":91,"column":8},"end":{"line":91,"column":82}},"32":{"start":{"line":93,"column":8},"end":{"line":93,"column":35}},"33":{"start":{"line":101,"column":8},"end":{"line":101,"column":70}},"34":{"start":{"line":103,"column":8},"end":{"line":103,"column":66}},"35":{"start":{"line":104,"column":8},"end":{"line":104,"column":66}},"36":{"start":{"line":106,"column":8},"end":{"line":106,"column":79}},"37":{"start":{"line":108,"column":8},"end":{"line":108,"column":4440}},"38":{"start":{"line":118,"column":8},"end":{"line":118,"column":65}},"39":{"start":{"line":119,"column":8},"end":{"line":119,"column":69}},"40":{"start":{"line":121,"column":8},"end":{"line":121,"column":65}},"41":{"start":{"line":123,"column":8},"end":{"line":123,"column":81}},"42":{"start":{"line":131,"column":8},"end":{"line":131,"column":62}},"43":{"start":{"line":133,"column":8},"end":{"line":133,"column":83}},"44":{"start":{"line":135,"column":8},"end":{"line":135,"column":5400}},"45":{"start":{"line":140,"column":8},"end":{"line":140,"column":37}},"46":{"start":{"line":142,"column":8},"end":{"line":142,"column":24}},"47":{"start":{"line":150,"column":8},"end":{"line":150,"column":80}},"48":{"start":{"line":152,"column":8},"end":{"line":152,"column":84}},"49":{"start":{"line":154,"column":8},"end":{"line":154,"column":66}},"50":{"start":{"line":155,"column":8},"end":{"line":155,"column":59}},"51":{"start":{"line":157,"column":8},"end":{"line":157,"column":22}}},"branchMap":{"1":{"line":32,"type":"if","locations":[{"start":{"line":32,"column":8},"end":{"line":32,"column":8}},{"start":{"line":32,"column":8},"end":{"line":32,"column":8}}]},"2":{"line":39,"type":"if","locations":[{"start":{"line":39,"column":8},"end":{"line":39,"column":8}},{"start":{"line":39,"column":8},"end":{"line":39,"column":8}}]},"3":{"line":51,"type":"if","locations":[{"start":{"line":51,"column":8},"end":{"line":51,"column":8}},{"start":{"line":51,"column":8},"end":{"line":51,"column":8}}]},"4":{"line":54,"type":"if","locations":[{"start":{"line":54,"column":8},"end":{"line":54,"column":8}},{"start":{"line":54,"column":8},"end":{"line":54,"column":8}}]},"5":{"line":71,"type":"if","locations":[{"start":{"line":71,"column":8},"end":{"line":71,"column":8}},{"start":{"line":71,"column":8},"end":{"line":71,"column":8}}]},"6":{"line":119,"type":"if","locations":[{"start":{"line":119,"column":8},"end":{"line":119,"column":8}},{"start":{"line":119,"column":8},"end":{"line":119,"column":8}}]},"7":{"line":135,"type":"if","locations":[{"start":{"line":135,"column":8},"end":{"line":135,"column":8}},{"start":{"line":135,"column":8},"end":{"line":135,"column":8}}]},"8":{"line":154,"type":"if","locations":[{"start":{"line":154,"column":8},"end":{"line":154,"column":8}},{"start":{"line":154,"column":8},"end":{"line":154,"column":8}}]}}}}